Started training!
train | epoch = 1 | lr = 0.1000 | loss: 2.2260 | error: 10193.0000 - valid | validloss: 2.1587 | validerror: 2479.0000 | s/iter: 8.3348
train | epoch = 2 | lr = 0.1000 | loss: 2.0803 | error: 9341.0000 - valid | validloss: 2.3049 | validerror: 2523.0000 | s/iter: 8.2732
train | epoch = 3 | lr = 0.1000 | loss: 1.9410 | error: 8603.0000 - valid | validloss: 1.9557 | validerror: 2160.0000 | s/iter: 8.2732
train | epoch = 4 | lr = 0.1000 | loss: 1.8405 | error: 8153.0000 - valid | validloss: 2.0387 | validerror: 2146.0000 | s/iter: 8.2696
train | epoch = 5 | lr = 0.1000 | loss: 1.8304 | error: 8026.0000 - valid | validloss: 1.8544 | validerror: 2087.0000 | s/iter: 8.2580
train | epoch = 6 | lr = 0.1000 | loss: 1.7424 | error: 7667.0000 - valid | validloss: 1.7888 | validerror: 1936.0000 | s/iter: 8.2986
train | epoch = 7 | lr = 0.1000 | loss: 1.6936 | error: 7496.0000 - valid | validloss: 1.6654 | validerror: 1827.0000 | s/iter: 8.4725
train | epoch = 8 | lr = 0.1000 | loss: 1.6769 | error: 7366.0000 - valid | validloss: 1.7239 | validerror: 1862.0000 | s/iter: 8.4371
train | epoch = 9 | lr = 0.1000 | loss: 1.6021 | error: 7110.0000 - valid | validloss: 1.6517 | validerror: 1826.0000 | s/iter: 8.4671
train | epoch = 10 | lr = 0.1000 | loss: 1.5462 | error: 6837.0000 - valid | validloss: 1.5811 | validerror: 1752.0000 | s/iter: 8.4822
train | epoch = 11 | lr = 0.1000 | loss: 1.4977 | error: 6570.0000 - valid | validloss: 1.6237 | validerror: 1770.0000 | s/iter: 8.4809
train | epoch = 12 | lr = 0.1000 | loss: 1.5122 | error: 6553.0000 - valid | validloss: 1.5552 | validerror: 1721.0000 | s/iter: 8.4799
train | epoch = 13 | lr = 0.1000 | loss: 1.4779 | error: 6424.0000 - valid | validloss: 1.5785 | validerror: 1737.0000 | s/iter: 8.4736
train | epoch = 14 | lr = 0.1000 | loss: 1.4231 | error: 6184.0000 - valid | validloss: 1.5324 | validerror: 1676.0000 | s/iter: 8.4756
train | epoch = 15 | lr = 0.1000 | loss: 1.3587 | error: 5938.0000 - valid | validloss: 1.5052 | validerror: 1649.0000 | s/iter: 8.4593
train | epoch = 16 | lr = 0.1000 | loss: 1.3340 | error: 5784.0000 - valid | validloss: 1.5211 | validerror: 1658.0000 | s/iter: 8.4748
train | epoch = 17 | lr = 0.1000 | loss: 1.3338 | error: 5783.0000 - valid | validloss: 1.5621 | validerror: 1688.0000 | s/iter: 8.4669
train | epoch = 18 | lr = 0.1000 | loss: 1.3489 | error: 5850.0000 - valid | validloss: 1.4939 | validerror: 1600.0000 | s/iter: 8.4737
train | epoch = 19 | lr = 0.1000 | loss: 1.3462 | error: 5824.0000 - valid | validloss: 1.5630 | validerror: 1694.0000 | s/iter: 8.4744
train | epoch = 20 | lr = 0.1000 | loss: 1.3012 | error: 5660.0000 - valid | validloss: 1.6010 | validerror: 1751.0000 | s/iter: 8.4332
train | epoch = 21 | lr = 0.1000 | loss: 1.2266 | error: 5339.0000 - valid | validloss: 1.5853 | validerror: 1703.0000 | s/iter: 8.4693
train | epoch = 22 | lr = 0.1000 | loss: 1.3176 | error: 5752.0000 - valid | validloss: 1.6121 | validerror: 1712.0000 | s/iter: 8.5007
train | epoch = 23 | lr = 0.1000 | loss: 1.2326 | error: 5356.0000 - valid | validloss: 1.6164 | validerror: 1734.0000 | s/iter: 8.5008
train | epoch = 24 | lr = 0.1000 | loss: 1.1874 | error: 5144.0000 - valid | validloss: 1.5287 | validerror: 1613.0000 | s/iter: 8.4744
train | epoch = 25 | lr = 0.1000 | loss: 1.0911 | error: 4756.0000 - valid | validloss: 1.5361 | validerror: 1646.0000 | s/iter: 8.4677
train | epoch = 26 | lr = 0.1000 | loss: 1.1182 | error: 4881.0000 - valid | validloss: 1.6054 | validerror: 1688.0000 | s/iter: 8.4880
train | epoch = 27 | lr = 0.1000 | loss: 1.1500 | error: 5034.0000 - valid | validloss: 1.5966 | validerror: 1616.0000 | s/iter: 8.4738
train | epoch = 28 | lr = 0.1000 | loss: 1.0976 | error: 4709.0000 - valid | validloss: 1.5771 | validerror: 1629.0000 | s/iter: 8.4875
train | epoch = 29 | lr = 0.1000 | loss: 1.1741 | error: 5071.0000 - valid | validloss: 1.6976 | validerror: 1727.0000 | s/iter: 8.4811
train | epoch = 30 | lr = 0.1000 | loss: 1.1083 | error: 4789.0000 - valid | validloss: 1.5431 | validerror: 1629.0000 | s/iter: 8.4755
train | epoch = 31 | lr = 0.1000 | loss: 1.0599 | error: 4511.0000 - valid | validloss: 1.6706 | validerror: 1665.0000 | s/iter: 8.4893
train | epoch = 32 | lr = 0.1000 | loss: 1.3728 | error: 5948.0000 - valid | validloss: 1.8035 | validerror: 1879.0000 | s/iter: 8.4462
train | epoch = 33 | lr = 0.1000 | loss: 1.1912 | error: 5181.0000 - valid | validloss: 1.6369 | validerror: 1701.0000 | s/iter: 8.4311
train | epoch = 34 | lr = 0.1000 | loss: 1.1176 | error: 4854.0000 - valid | validloss: 1.5885 | validerror: 1683.0000 | s/iter: 8.4796
train | epoch = 35 | lr = 0.1000 | loss: 1.0528 | error: 4511.0000 - valid | validloss: 1.6874 | validerror: 1674.0000 | s/iter: 8.4795
train | epoch = 36 | lr = 0.1000 | loss: 0.9565 | error: 4065.0000 - valid | validloss: 1.8086 | validerror: 1753.0000 | s/iter: 8.4993
train | epoch = 37 | lr = 0.1000 | loss: 1.1833 | error: 5104.0000 - valid | validloss: 1.8104 | validerror: 1837.0000 | s/iter: 8.4955
train | epoch = 38 | lr = 0.1000 | loss: 1.0547 | error: 4547.0000 - valid | validloss: 1.6917 | validerror: 1702.0000 | s/iter: 8.4612
train | epoch = 39 | lr = 0.1000 | loss: 0.9883 | error: 4240.0000 - valid | validloss: 1.7508 | validerror: 1791.0000 | s/iter: 8.4963
train | epoch = 40 | lr = 0.1000 | loss: 1.0155 | error: 4331.0000 - valid | validloss: 1.7502 | validerror: 1738.0000 | s/iter: 8.4814
train | epoch = 41 | lr = 0.1000 | loss: 0.8901 | error: 3775.0000 - valid | validloss: 1.8210 | validerror: 1788.0000 | s/iter: 8.4813
train | epoch = 42 | lr = 0.1000 | loss: 0.9063 | error: 3828.0000 - valid | validloss: 1.6663 | validerror: 1646.0000 | s/iter: 8.5045
train | epoch = 43 | lr = 0.1000 | loss: 0.8866 | error: 3810.0000 - valid | validloss: 1.8002 | validerror: 1765.0000 | s/iter: 8.4786
train | epoch = 44 | lr = 0.1000 | loss: 0.8396 | error: 3610.0000 - valid | validloss: 1.6793 | validerror: 1637.0000 | s/iter: 8.5027
train | epoch = 45 | lr = 0.1000 | loss: 0.7551 | error: 3224.0000 - valid | validloss: 1.8058 | validerror: 1723.0000 | s/iter: 8.4227
train | epoch = 46 | lr = 0.1000 | loss: 0.8884 | error: 3804.0000 - valid | validloss: 1.8234 | validerror: 1711.0000 | s/iter: 8.4957
train | epoch = 47 | lr = 0.1000 | loss: 0.9297 | error: 3984.0000 - valid | validloss: 1.8964 | validerror: 1766.0000 | s/iter: 8.5131
train | epoch = 48 | lr = 0.1000 | loss: 0.7469 | error: 3143.0000 - valid | validloss: 1.7359 | validerror: 1637.0000 | s/iter: 8.5055
train | epoch = 49 | lr = 0.1000 | loss: 0.7534 | error: 3183.0000 - valid | validloss: 1.8178 | validerror: 1735.0000 | s/iter: 8.4893
train | epoch = 50 | lr = 0.1000 | loss: 0.7422 | error: 3141.0000 - valid | validloss: 1.9908 | validerror: 1793.0000 | s/iter: 8.4676
train | epoch = 51 | lr = 0.1000 | loss: 1.0397 | error: 4443.0000 - valid | validloss: 1.9247 | validerror: 1749.0000 | s/iter: 8.5066
train | epoch = 52 | lr = 0.1000 | loss: 0.9014 | error: 3879.0000 - valid | validloss: 1.8333 | validerror: 1741.0000 | s/iter: 8.4943
train | epoch = 53 | lr = 0.1000 | loss: 0.8728 | error: 3709.0000 - valid | validloss: 1.8729 | validerror: 1748.0000 | s/iter: 8.5090
train | epoch = 54 | lr = 0.1000 | loss: 0.8905 | error: 3824.0000 - valid | validloss: 1.7793 | validerror: 1658.0000 | s/iter: 8.4521
train | epoch = 55 | lr = 0.1000 | loss: 0.8341 | error: 3555.0000 - valid | validloss: 1.8641 | validerror: 1749.0000 | s/iter: 8.4914
train | epoch = 56 | lr = 0.1000 | loss: 0.7489 | error: 3187.0000 - valid | validloss: 1.8443 | validerror: 1680.0000 | s/iter: 8.4178
train | epoch = 57 | lr = 0.1000 | loss: 0.6629 | error: 2773.0000 - valid | validloss: 1.8802 | validerror: 1732.0000 | s/iter: 8.4883
train | epoch = 58 | lr = 0.1000 | loss: 0.6505 | error: 2758.0000 - valid | validloss: 1.8830 | validerror: 1668.0000 | s/iter: 8.4807
train | epoch = 59 | lr = 0.1000 | loss: 0.6174 | error: 2563.0000 - valid | validloss: 2.0123 | validerror: 1779.0000 | s/iter: 8.4820
train | epoch = 60 | lr = 0.1000 | loss: 0.7464 | error: 3171.0000 - valid | validloss: 1.9243 | validerror: 1679.0000 | s/iter: 8.5090
train | epoch = 61 | lr = 0.1000 | loss: 0.7035 | error: 3044.0000 - valid | validloss: 1.9403 | validerror: 1758.0000 | s/iter: 8.4783
train | epoch = 62 | lr = 0.1000 | loss: 0.9491 | error: 4095.0000 - valid | validloss: 2.0111 | validerror: 1822.0000 | s/iter: 8.4878
train | epoch = 63 | lr = 0.1000 | loss: 0.8194 | error: 3612.0000 - valid | validloss: 2.0331 | validerror: 1806.0000 | s/iter: 8.4663
train | epoch = 64 | lr = 0.1000 | loss: 0.8091 | error: 3491.0000 - valid | validloss: 1.8904 | validerror: 1692.0000 | s/iter: 8.4751
train | epoch = 65 | lr = 0.1000 | loss: 0.9266 | error: 3994.0000 - valid | validloss: 1.9523 | validerror: 1778.0000 | s/iter: 8.4947
train | epoch = 66 | lr = 0.1000 | loss: 0.9778 | error: 4155.0000 - valid | validloss: 1.8834 | validerror: 1700.0000 | s/iter: 8.4978
train | epoch = 67 | lr = 0.1000 | loss: 0.7444 | error: 3244.0000 - valid | validloss: 1.8954 | validerror: 1718.0000 | s/iter: 8.4647
train | epoch = 68 | lr = 0.1000 | loss: 0.7911 | error: 3423.0000 - valid | validloss: 1.9964 | validerror: 1820.0000 | s/iter: 8.4538
train | epoch = 69 | lr = 0.1000 | loss: 0.8348 | error: 3547.0000 - valid | validloss: 1.9224 | validerror: 1678.0000 | s/iter: 8.4064
train | epoch = 70 | lr = 0.1000 | loss: 0.8365 | error: 3579.0000 - valid | validloss: 2.0676 | validerror: 1868.0000 | s/iter: 8.4947
train | epoch = 71 | lr = 0.1000 | loss: 0.8096 | error: 3479.0000 - valid | validloss: 1.9283 | validerror: 1697.0000 | s/iter: 8.4580
train | epoch = 72 | lr = 0.1000 | loss: 0.6369 | error: 2665.0000 - valid | validloss: 1.8915 | validerror: 1633.0000 | s/iter: 8.4653
train | epoch = 73 | lr = 0.1000 | loss: 0.6864 | error: 2956.0000 - valid | validloss: 2.0447 | validerror: 1737.0000 | s/iter: 8.4506
train | epoch = 74 | lr = 0.1000 | loss: 0.7588 | error: 3233.0000 - valid | validloss: 1.9390 | validerror: 1721.0000 | s/iter: 8.4577
train | epoch = 75 | lr = 0.1000 | loss: 0.6097 | error: 2551.0000 - valid | validloss: 1.9776 | validerror: 1713.0000 | s/iter: 8.4495
train | epoch = 76 | lr = 0.1000 | loss: 0.5454 | error: 2291.0000 - valid | validloss: 2.0214 | validerror: 1700.0000 | s/iter: 8.4624
train | epoch = 77 | lr = 0.1000 | loss: 0.6716 | error: 2869.0000 - valid | validloss: 2.1878 | validerror: 1860.0000 | s/iter: 8.4704
train | epoch = 78 | lr = 0.1000 | loss: 0.6989 | error: 3021.0000 - valid | validloss: 1.9480 | validerror: 1690.0000 | s/iter: 8.4717
train | epoch = 79 | lr = 0.1000 | loss: 0.5967 | error: 2512.0000 - valid | validloss: 2.0197 | validerror: 1682.0000 | s/iter: 8.4637
train | epoch = 80 | lr = 0.1000 | loss: 0.5299 | error: 2219.0000 - valid | validloss: 2.0375 | validerror: 1701.0000 | s/iter: 8.4752
train | epoch = 81 | lr = 0.1000 | loss: 0.7097 | error: 3060.0000 - valid | validloss: 2.0157 | validerror: 1704.0000 | s/iter: 8.4880
train | epoch = 82 | lr = 0.1000 | loss: 0.5993 | error: 2579.0000 - valid | validloss: 2.1299 | validerror: 1773.0000 | s/iter: 8.4583
train | epoch = 83 | lr = 0.1000 | loss: 0.6154 | error: 2633.0000 - valid | validloss: 2.0899 | validerror: 1743.0000 | s/iter: 8.4647
train | epoch = 84 | lr = 0.1000 | loss: 0.7264 | error: 3126.0000 - valid | validloss: 1.9562 | validerror: 1653.0000 | s/iter: 8.4592
train | epoch = 85 | lr = 0.1000 | loss: 0.9620 | error: 4025.0000 - valid | validloss: 2.2061 | validerror: 1857.0000 | s/iter: 8.4786
train | epoch = 86 | lr = 0.1000 | loss: 0.6953 | error: 2956.0000 - valid | validloss: 2.0482 | validerror: 1761.0000 | s/iter: 8.4743
train | epoch = 87 | lr = 0.1000 | loss: 0.5533 | error: 2368.0000 - valid | validloss: 1.9936 | validerror: 1701.0000 | s/iter: 8.4529
train | epoch = 88 | lr = 0.1000 | loss: 0.4843 | error: 2020.0000 - valid | validloss: 2.0042 | validerror: 1678.0000 | s/iter: 8.4970
train | epoch = 89 | lr = 0.1000 | loss: 0.5120 | error: 2181.0000 - valid | validloss: 2.0523 | validerror: 1669.0000 | s/iter: 8.4563
train | epoch = 90 | lr = 0.1000 | loss: 0.4914 | error: 2069.0000 - valid | validloss: 2.0278 | validerror: 1666.0000 | s/iter: 8.4294
train | epoch = 91 | lr = 0.1000 | loss: 0.5095 | error: 2169.0000 - valid | validloss: 2.2250 | validerror: 1779.0000 | s/iter: 8.4432
train | epoch = 92 | lr = 0.1000 | loss: 0.4727 | error: 1979.0000 - valid | validloss: 2.1794 | validerror: 1732.0000 | s/iter: 8.4851
train | epoch = 93 | lr = 0.1000 | loss: 0.5726 | error: 2476.0000 - valid | validloss: 2.2175 | validerror: 1803.0000 | s/iter: 8.4610
train | epoch = 94 | lr = 0.1000 | loss: 0.6245 | error: 2696.0000 - valid | validloss: 2.1886 | validerror: 1769.0000 | s/iter: 8.4725
train | epoch = 95 | lr = 0.1000 | loss: 0.8943 | error: 3795.0000 - valid | validloss: 2.1603 | validerror: 1824.0000 | s/iter: 8.4575
train | epoch = 96 | lr = 0.1000 | loss: 0.6539 | error: 2800.0000 - valid | validloss: 2.0910 | validerror: 1719.0000 | s/iter: 8.4458
train | epoch = 97 | lr = 0.1000 | loss: 0.6688 | error: 2885.0000 - valid | validloss: 2.1051 | validerror: 1735.0000 | s/iter: 8.4715
train | epoch = 98 | lr = 0.1000 | loss: 0.6336 | error: 2705.0000 - valid | validloss: 2.1564 | validerror: 1733.0000 | s/iter: 8.4533
train | epoch = 99 | lr = 0.1000 | loss: 0.5599 | error: 2411.0000 - valid | validloss: 2.2640 | validerror: 1804.0000 | s/iter: 8.4373
train | epoch = 100 | lr = 0.1000 | loss: 1.2629 | error: 5170.0000 - valid | validloss: 2.2545 | validerror: 1885.0000 | s/iter: 8.4596
{
  1 : 2.2259814445075
  2 : 2.0802902912165
  3 : 1.940995156765
  4 : 1.8404797354302
  5 : 1.830372256118
  6 : 1.742448432879
  7 : 1.6935979460741
  8 : 1.6768916984657
  9 : 1.6021054085199
  10 : 1.5462368239056
  11 : 1.4976994782299
  12 : 1.5122089463395
  13 : 1.4778753286832
  14 : 1.4230664093773
  15 : 1.3586896952097
  16 : 1.3339519314952
  17 : 1.3337574291539
  18 : 1.3488956295051
  19 : 1.3462061851056
  20 : 1.3012403342631
  21 : 1.2266369283973
  22 : 1.3176382780075
  23 : 1.2326036711018
  24 : 1.1874156547831
  25 : 1.0910991298688
  26 : 1.118201135815
  27 : 1.1500187291727
  28 : 1.0976095222808
  29 : 1.174138348598
  30 : 1.1082852715022
  31 : 1.0599155673733
  32 : 1.3728485359
  33 : 1.1912314856981
  34 : 1.1176019279988
  35 : 1.0528461782189
  36 : 0.95654956706159
  37 : 1.1833461941063
  38 : 1.0546503535339
  39 : 0.98831632539823
  40 : 1.0154619178215
  41 : 0.89011065874781
  42 : 0.90629344404518
  43 : 0.88655342064895
  44 : 0.83956487747756
  45 : 0.75508763476626
  46 : 0.88837031400823
  47 : 0.92966758972639
  48 : 0.74688995039308
  49 : 0.75340917280742
  50 : 0.74222958900712
  51 : 1.0396722578383
  52 : 0.90143990710184
  53 : 0.87282813930666
  54 : 0.89048506493692
  55 : 0.83409633535843
  56 : 0.74888469801321
  57 : 0.66293420033021
  58 : 0.65049023113467
  59 : 0.61742980429878
  60 : 0.74644551010101
  61 : 0.70351874789634
  62 : 0.94914923705064
  63 : 0.8194133167143
  64 : 0.80909950721574
  65 : 0.92656101847624
  66 : 0.97779846307519
  67 : 0.74441151146765
  68 : 0.79114269397476
  69 : 0.83475056871191
  70 : 0.8364850031091
  71 : 0.80961072019168
  72 : 0.63693628798832
  73 : 0.68644167676375
  74 : 0.75882928208871
  75 : 0.60969143544699
  76 : 0.54539053258184
  77 : 0.67155507342382
  78 : 0.69892267592542
  79 : 0.59672564268112
  80 : 0.52993905253999
  81 : 0.70974829599455
  82 : 0.59926596903182
  83 : 0.61542909795588
  84 : 0.72644732370005
  85 : 0.96197777831709
  86 : 0.69532751669357
  87 : 0.55326334029049
  88 : 0.48430886264745
  89 : 0.51202011650259
  90 : 0.49136243509008
  91 : 0.50947182132052
  92 : 0.47266474762907
  93 : 0.57264585793018
  94 : 0.62448453090408
  95 : 0.89431199199193
  96 : 0.65389581160112
  97 : 0.66875155482973
  98 : 0.63359351727096
  99 : 0.55985700232642
  100 : 1.2628521125812
}
Layer 	1	 Weights:	1200	Biases:	16
Layer 	4	 Weights:	51200	Biases:	128
Layer 	8	 Weights:	204800	Biases:	64
Layer 	10	 Weights:	640	Biases:	10
